# JRE version: Java(TM) SE Runtime Environment (8.0_45-b15) (build 1.8.0_45-b15)
# Java VM: Java HotSpot(TM) 64-Bit Server VM (25.45-b02 mixed mode windows-amd64 compressed oops)
Heap:
 PSYoungGen      total 240640K, used 4649K [0x00000000e0600000, 0x00000000f0c80000, 0x0000000100000000)
  eden space 221696K, 2% used [0x00000000e0600000,0x00000000e0a8a6a8,0x00000000ede80000)
  from space 18944K, 0% used [0x00000000ef400000,0x00000000ef400000,0x00000000f0680000)
  to   space 22016K, 0% used [0x00000000ede80000,0x00000000ede80000,0x00000000ef400000)
 ParOldGen       total 105472K, used 47844K [0x00000000a1200000, 0x00000000a7900000, 0x00000000e0600000)
  object space 105472K, 45% used [0x00000000a1200000,0x00000000a40b9138,0x00000000a7900000)
 Metaspace       used 51346K, capacity 52136K, committed 52440K, reserved 1095680K
  class space    used 6366K, capacity 6629K, committed 6656K, reserved 1048576K
GC Heap History (10 events):
Event: 12.868 GC heap before
{Heap before GC invocations=11 (full 1):
 PSYoungGen      total 171520K, used 88243K [0x00000000e0600000, 0x00000000ed580000, 0x0000000100000000)
  eden space 158208K, 47% used [0x00000000e0600000,0x00000000e4f980c0,0x00000000ea080000)
  from space 13312K, 96% used [0x00000000ebf80000,0x00000000ecc14d28,0x00000000ecc80000)
  to   space 9216K, 0% used [0x00000000ecc80000,0x00000000ecc80000,0x00000000ed580000)
 ParOldGen       total 75264K, used 25672K [0x00000000a1200000, 0x00000000a5b80000, 0x00000000e0600000)
  object space 75264K, 34% used [0x00000000a1200000,0x00000000a2b12348,0x00000000a5b80000)
 Metaspace       used 34625K, capacity 35136K, committed 35416K, reserved 1081344K
  class space    used 4235K, capacity 4436K, committed 4480K, reserved 1048576K
Event: 12.891 GC heap after
Heap after GC invocations=11 (full 1):
 PSYoungGen      total 195072K, used 9187K [0x00000000e0600000, 0x00000000ee380000, 0x0000000100000000)
  eden space 185856K, 0% used [0x00000000e0600000,0x00000000e0600000,0x00000000ebb80000)
  from space 9216K, 99% used [0x00000000ecc80000,0x00000000ed578df8,0x00000000ed580000)
  to   space 17408K, 0% used [0x00000000ebb80000,0x00000000ebb80000,0x00000000ecc80000)
 ParOldGen       total 75264K, used 28288K [0x00000000a1200000, 0x00000000a5b80000, 0x00000000e0600000)
  object space 75264K, 37% used [0x00000000a1200000,0x00000000a2da0080,0x00000000a5b80000)
 Metaspace       used 34625K, capacity 35136K, committed 35416K, reserved 1081344K
  class space    used 4235K, capacity 4436K, committed 4480K, reserved 1048576K
}
Event: 12.891 GC heap before
{Heap before GC invocations=12 (full 2):
 PSYoungGen      total 195072K, used 9187K [0x00000000e0600000, 0x00000000ee380000, 0x0000000100000000)
  eden space 185856K, 0% used [0x00000000e0600000,0x00000000e0600000,0x00000000ebb80000)
  from space 9216K, 99% used [0x00000000ecc80000,0x00000000ed578df8,0x00000000ed580000)
  to   space 17408K, 0% used [0x00000000ebb80000,0x00000000ebb80000,0x00000000ecc80000)
 ParOldGen       total 75264K, used 28288K [0x00000000a1200000, 0x00000000a5b80000, 0x00000000e0600000)
  object space 75264K, 37% used [0x00000000a1200000,0x00000000a2da0080,0x00000000a5b80000)
 Metaspace       used 34625K, capacity 35136K, committed 35416K, reserved 1081344K
  class space    used 4235K, capacity 4436K, committed 4480K, reserved 1048576K
Event: 13.023 GC heap after
Heap after GC invocations=12 (full 2):
 PSYoungGen      total 195072K, used 0K [0x00000000e0600000, 0x00000000ee380000, 0x0000000100000000)
  eden space 185856K, 0% used [0x00000000e0600000,0x00000000e0600000,0x00000000ebb80000)
  from space 9216K, 0% used [0x00000000ecc80000,0x00000000ecc80000,0x00000000ed580000)
  to   space 17408K, 0% used [0x00000000ebb80000,0x00000000ebb80000,0x00000000ecc80000)
 ParOldGen       total 105472K, used 31849K [0x00000000a1200000, 0x00000000a7900000, 0x00000000e0600000)
  object space 105472K, 30% used [0x00000000a1200000,0x00000000a311a678,0x00000000a7900000)
 Metaspace       used 34625K, capacity 35136K, committed 35416K, reserved 1081344K
  class space    used 4235K, capacity 4436K, committed 4480K, reserved 1048576K
}
Event: 15.532 GC heap before
{Heap before GC invocations=13 (full 2):
 PSYoungGen      total 195072K, used 185856K [0x00000000e0600000, 0x00000000ee380000, 0x0000000100000000)
  eden space 185856K, 100% used [0x00000000e0600000,0x00000000ebb80000,0x00000000ebb80000)
  from space 9216K, 0% used [0x00000000ecc80000,0x00000000ecc80000,0x00000000ed580000)
  to   space 17408K, 0% used [0x00000000ebb80000,0x00000000ebb80000,0x00000000ecc80000)
 ParOldGen       total 105472K, used 31849K [0x00000000a1200000, 0x00000000a7900000, 0x00000000e0600000)
  object space 105472K, 30% used [0x00000000a1200000,0x00000000a311a678,0x00000000a7900000)
 Metaspace       used 44318K, capacity 44904K, committed 45272K, reserved 1089536K
  class space    used 5440K, capacity 5616K, committed 5632K, reserved 1048576K
Event: 15.555 GC heap after
Heap after GC invocations=13 (full 2):
 PSYoungGen      total 203264K, used 16128K [0x00000000e0600000, 0x00000000f0680000, 0x0000000100000000)
  eden space 185856K, 0% used [0x00000000e0600000,0x00000000e0600000,0x00000000ebb80000)
  from space 17408K, 92% used [0x00000000ebb80000,0x00000000ecb400a8,0x00000000ecc80000)
  to   space 18944K, 0% used [0x00000000ef400000,0x00000000ef400000,0x00000000f0680000)
 ParOldGen       total 105472K, used 31921K [0x00000000a1200000, 0x00000000a7900000, 0x00000000e0600000)
  object space 105472K, 30% used [0x00000000a1200000,0x00000000a312c688,0x00000000a7900000)
 Metaspace       used 44318K, capacity 44904K, committed 45272K, reserved 1089536K
  class space    used 5440K, capacity 5616K, committed 5632K, reserved 1048576K
}
Event: 18.236 GC heap before
{Heap before GC invocations=14 (full 2):
 PSYoungGen      total 203264K, used 186581K [0x00000000e0600000, 0x00000000f0680000, 0x0000000100000000)
  eden space 185856K, 91% used [0x00000000e0600000,0x00000000eac753b8,0x00000000ebb80000)
  from space 17408K, 92% used [0x00000000ebb80000,0x00000000ecb400a8,0x00000000ecc80000)
  to   space 18944K, 0% used [0x00000000ef400000,0x00000000ef400000,0x00000000f0680000)
 ParOldGen       total 105472K, used 31921K [0x00000000a1200000, 0x00000000a7900000, 0x00000000e0600000)
  object space 105472K, 30% used [0x00000000a1200000,0x00000000a312c688,0x00000000a7900000)
 Metaspace       used 51344K, capacity 52084K, committed 52440K, reserved 1095680K
  class space    used 6367K, capacity 6631K, committed 6656K, reserved 1048576K
Event: 18.263 GC heap after
Heap after GC invocations=14 (full 2):
 PSYoungGen      total 240640K, used 18918K [0x00000000e0600000, 0x00000000f0c80000, 0x0000000100000000)
  eden space 221696K, 0% used [0x00000000e0600000,0x00000000e0600000,0x00000000ede80000)
  from space 18944K, 99% used [0x00000000ef400000,0x00000000f0679a60,0x00000000f0680000)
  to   space 22016K, 0% used [0x00000000ede80000,0x00000000ede80000,0x00000000ef400000)
 ParOldGen       total 105472K, used 33016K [0x00000000a1200000, 0x00000000a7900000, 0x00000000e0600000)
  object space 105472K, 31% used [0x00000000a1200000,0x00000000a323e268,0x00000000a7900000)
 Metaspace       used 51344K, capacity 52084K, committed 52440K, reserved 1095680K
  class space    used 6367K, capacity 6631K, committed 6656K, reserved 1048576K
}
Event: 18.263 GC heap before
{Heap before GC invocations=15 (full 3):
 PSYoungGen      total 240640K, used 18918K [0x00000000e0600000, 0x00000000f0c80000, 0x0000000100000000)
  eden space 221696K, 0% used [0x00000000e0600000,0x00000000e0600000,0x00000000ede80000)
  from space 18944K, 99% used [0x00000000ef400000,0x00000000f0679a60,0x00000000f0680000)
  to   space 22016K, 0% used [0x00000000ede80000,0x00000000ede80000,0x00000000ef400000)
 ParOldGen       total 105472K, used 33016K [0x00000000a1200000, 0x00000000a7900000, 0x00000000e0600000)
  object space 105472K, 31% used [0x00000000a1200000,0x00000000a323e268,0x00000000a7900000)
 Metaspace       used 51344K, capacity 52084K, committed 52440K, reserved 1095680K
  class space    used 6367K, capacity 6631K, committed 6656K, reserved 1048576K
Event: 18.591 GC heap after
Heap after GC invocations=15 (full 3):
 PSYoungGen      total 240640K, used 0K [0x00000000e0600000, 0x00000000f0c80000, 0x0000000100000000)
  eden space 221696K, 0% used [0x00000000e0600000,0x00000000e0600000,0x00000000ede80000)
  from space 18944K, 0% used [0x00000000ef400000,0x00000000ef400000,0x00000000f0680000)
  to   space 22016K, 0% used [0x00000000ede80000,0x00000000ede80000,0x00000000ef400000)
 ParOldGen       total 105472K, used 47844K [0x00000000a1200000, 0x00000000a7900000, 0x00000000e0600000)
  object space 105472K, 45% used [0x00000000a1200000,0x00000000a40b9138,0x00000000a7900000)
 Metaspace       used 51337K, capacity 52072K, committed 52440K, reserved 1095680K
  class space    used 6366K, capacity 6629K, committed 6656K, reserved 1048576K
}

